<?xml version="1.0" encoding="UTF-8"?>
<!-- Generated by org.testng.reporters.JUnitXMLReporter -->
<testsuite ignored="0" hostname="DVYAS" failures="0" tests="3" name="Submit Order Test" time="32.033" errors="0" timestamp="2025-07-25T16:34:02 EDT">
  <testcase classname="tests.POM_Main1Test" name="mainTest" time="6.508"/>
  <testcase classname="tests.POM_Main1Test" name="mainTest" time="6.798"/>
  <testcase classname="tests.POM_Main1Test" name="orderHistoryTest" time="4.265"/>
</testsuite> <!-- Submit Order Test -->
