<?xml version="1.0" encoding="UTF-8"?>
<!-- Generated by org.testng.reporters.JUnitXMLReporter -->
<testsuite ignored="0" hostname="DVYAS" failures="0" tests="3" name="Test" time="39.285" errors="0" timestamp="2025-07-25T15:00:39 EDT">
  <testcase classname="tests.POM_Main1" name="mainTest" time="6.348"/>
  <testcase classname="tests.POM_Main2" name="loginErrorValidation" time="0.809"/>
  <testcase classname="tests.POM_Main2" name="productErrorValidation" time="14.584"/>
</testsuite> <!-- Test -->
